Determining if the function __sincosf exists failed with the following output:
Change Dir: /home/jbreslin/sandbox/breslingladiator/gladiator/CMakeFiles/CMakeTmp

Run Build Command:"/usr/bin/make" "cmTC_1168d/fast"
/usr/bin/make -f CMakeFiles/cmTC_1168d.dir/build.make CMakeFiles/cmTC_1168d.dir/build
make[1]: Entering directory '/home/jbreslin/sandbox/breslingladiator/gladiator/CMakeFiles/CMakeTmp'
Building C object CMakeFiles/cmTC_1168d.dir/CheckFunctionExists.c.o
/usr/bin/cc    -march=native -ffast-math -pthread -fdiagnostics-color=auto -DCHECK_FUNCTION_EXISTS=__sincosf   -o CMakeFiles/cmTC_1168d.dir/CheckFunctionExists.c.o   -c /usr/share/cmake-3.5/Modules/CheckFunctionExists.c
Linking C executable cmTC_1168d
/usr/bin/cmake -E cmake_link_script CMakeFiles/cmTC_1168d.dir/link.txt --verbose=1
/usr/bin/cc  -march=native -ffast-math -pthread -fdiagnostics-color=auto -DCHECK_FUNCTION_EXISTS=__sincosf    CMakeFiles/cmTC_1168d.dir/CheckFunctionExists.c.o  -o cmTC_1168d -rdynamic 
CMakeFiles/cmTC_1168d.dir/CheckFunctionExists.c.o: In function `main':
CheckFunctionExists.c:(.text+0x15): undefined reference to `__sincosf'
collect2: error: ld returned 1 exit status
CMakeFiles/cmTC_1168d.dir/build.make:97: recipe for target 'cmTC_1168d' failed
make[1]: *** [cmTC_1168d] Error 1
make[1]: Leaving directory '/home/jbreslin/sandbox/breslingladiator/gladiator/CMakeFiles/CMakeTmp'
Makefile:126: recipe for target 'cmTC_1168d/fast' failed
make: *** [cmTC_1168d/fast] Error 2


Performing C SOURCE FILE Test HAVE_GCC_PREFERRED_STACK_BOUNDARY failed with the following output:
Change Dir: /home/jbreslin/sandbox/breslingladiator/gladiator/CMakeFiles/CMakeTmp

Run Build Command:"/usr/bin/make" "cmTC_d50fb/fast"
/usr/bin/make -f CMakeFiles/cmTC_d50fb.dir/build.make CMakeFiles/cmTC_d50fb.dir/build
make[1]: Entering directory '/home/jbreslin/sandbox/breslingladiator/gladiator/CMakeFiles/CMakeTmp'
Building C object CMakeFiles/cmTC_d50fb.dir/src.c.o
/usr/bin/cc    -march=native -ffast-math -pthread -fdiagnostics-color=auto -DHAVE_GCC_PREFERRED_STACK_BOUNDARY -mpreferred-stack-boundary=2   -o CMakeFiles/cmTC_d50fb.dir/src.c.o   -c /home/jbreslin/sandbox/breslingladiator/gladiator/CMakeFiles/CMakeTmp/src.c
/home/jbreslin/sandbox/breslingladiator/gladiator/CMakeFiles/CMakeTmp/src.c:1:0: error: -mpreferred-stack-boundary=2 is not between 4 and 12
 int x = 0; int main(int argc, char **argv) {}
 ^
CMakeFiles/cmTC_d50fb.dir/build.make:65: recipe for target 'CMakeFiles/cmTC_d50fb.dir/src.c.o' failed
make[1]: *** [CMakeFiles/cmTC_d50fb.dir/src.c.o] Error 1
make[1]: Leaving directory '/home/jbreslin/sandbox/breslingladiator/gladiator/CMakeFiles/CMakeTmp'
Makefile:126: recipe for target 'cmTC_d50fb/fast' failed
make: *** [cmTC_d50fb/fast] Error 2

Source file was:
int x = 0; int main(int argc, char **argv) {}
Determining if the function strlcpy exists failed with the following output:
Change Dir: /home/jbreslin/sandbox/breslingladiator/gladiator/CMakeFiles/CMakeTmp

Run Build Command:"/usr/bin/make" "cmTC_b0536/fast"
/usr/bin/make -f CMakeFiles/cmTC_b0536.dir/build.make CMakeFiles/cmTC_b0536.dir/build
make[1]: Entering directory '/home/jbreslin/sandbox/breslingladiator/gladiator/CMakeFiles/CMakeTmp'
Building C object CMakeFiles/cmTC_b0536.dir/CheckFunctionExists.c.o
/usr/bin/cc    -march=native -ffast-math -pthread -fdiagnostics-color=auto -DCHECK_FUNCTION_EXISTS=strlcpy   -o CMakeFiles/cmTC_b0536.dir/CheckFunctionExists.c.o   -c /usr/share/cmake-3.5/Modules/CheckFunctionExists.c
Linking C executable cmTC_b0536
/usr/bin/cmake -E cmake_link_script CMakeFiles/cmTC_b0536.dir/link.txt --verbose=1
/usr/bin/cc  -march=native -ffast-math -pthread -fdiagnostics-color=auto -DCHECK_FUNCTION_EXISTS=strlcpy    CMakeFiles/cmTC_b0536.dir/CheckFunctionExists.c.o  -o cmTC_b0536 -rdynamic 
CMakeFiles/cmTC_b0536.dir/CheckFunctionExists.c.o: In function `main':
CheckFunctionExists.c:(.text+0x15): undefined reference to `strlcpy'
collect2: error: ld returned 1 exit status
CMakeFiles/cmTC_b0536.dir/build.make:97: recipe for target 'cmTC_b0536' failed
make[1]: *** [cmTC_b0536] Error 1
make[1]: Leaving directory '/home/jbreslin/sandbox/breslingladiator/gladiator/CMakeFiles/CMakeTmp'
Makefile:126: recipe for target 'cmTC_b0536/fast' failed
make: *** [cmTC_b0536/fast] Error 2


Determining if the function strlcat exists failed with the following output:
Change Dir: /home/jbreslin/sandbox/breslingladiator/gladiator/CMakeFiles/CMakeTmp

Run Build Command:"/usr/bin/make" "cmTC_aac9c/fast"
/usr/bin/make -f CMakeFiles/cmTC_aac9c.dir/build.make CMakeFiles/cmTC_aac9c.dir/build
make[1]: Entering directory '/home/jbreslin/sandbox/breslingladiator/gladiator/CMakeFiles/CMakeTmp'
Building C object CMakeFiles/cmTC_aac9c.dir/CheckFunctionExists.c.o
/usr/bin/cc    -march=native -ffast-math -pthread -fdiagnostics-color=auto -DCHECK_FUNCTION_EXISTS=strlcat   -o CMakeFiles/cmTC_aac9c.dir/CheckFunctionExists.c.o   -c /usr/share/cmake-3.5/Modules/CheckFunctionExists.c
Linking C executable cmTC_aac9c
/usr/bin/cmake -E cmake_link_script CMakeFiles/cmTC_aac9c.dir/link.txt --verbose=1
/usr/bin/cc  -march=native -ffast-math -pthread -fdiagnostics-color=auto -DCHECK_FUNCTION_EXISTS=strlcat    CMakeFiles/cmTC_aac9c.dir/CheckFunctionExists.c.o  -o cmTC_aac9c -rdynamic 
CMakeFiles/cmTC_aac9c.dir/CheckFunctionExists.c.o: In function `main':
CheckFunctionExists.c:(.text+0x15): undefined reference to `strlcat'
collect2: error: ld returned 1 exit status
CMakeFiles/cmTC_aac9c.dir/build.make:97: recipe for target 'cmTC_aac9c' failed
make[1]: *** [cmTC_aac9c] Error 1
make[1]: Leaving directory '/home/jbreslin/sandbox/breslingladiator/gladiator/CMakeFiles/CMakeTmp'
Makefile:126: recipe for target 'cmTC_aac9c/fast' failed
make: *** [cmTC_aac9c/fast] Error 2


Determining if the function _strrev exists failed with the following output:
Change Dir: /home/jbreslin/sandbox/breslingladiator/gladiator/CMakeFiles/CMakeTmp

Run Build Command:"/usr/bin/make" "cmTC_028a2/fast"
/usr/bin/make -f CMakeFiles/cmTC_028a2.dir/build.make CMakeFiles/cmTC_028a2.dir/build
make[1]: Entering directory '/home/jbreslin/sandbox/breslingladiator/gladiator/CMakeFiles/CMakeTmp'
Building C object CMakeFiles/cmTC_028a2.dir/CheckFunctionExists.c.o
/usr/bin/cc    -march=native -ffast-math -pthread -fdiagnostics-color=auto -DCHECK_FUNCTION_EXISTS=_strrev   -o CMakeFiles/cmTC_028a2.dir/CheckFunctionExists.c.o   -c /usr/share/cmake-3.5/Modules/CheckFunctionExists.c
Linking C executable cmTC_028a2
/usr/bin/cmake -E cmake_link_script CMakeFiles/cmTC_028a2.dir/link.txt --verbose=1
/usr/bin/cc  -march=native -ffast-math -pthread -fdiagnostics-color=auto -DCHECK_FUNCTION_EXISTS=_strrev    CMakeFiles/cmTC_028a2.dir/CheckFunctionExists.c.o  -o cmTC_028a2 -rdynamic 
CMakeFiles/cmTC_028a2.dir/CheckFunctionExists.c.o: In function `main':
CheckFunctionExists.c:(.text+0x15): undefined reference to `_strrev'
collect2: error: ld returned 1 exit status
CMakeFiles/cmTC_028a2.dir/build.make:97: recipe for target 'cmTC_028a2' failed
make[1]: *** [cmTC_028a2] Error 1
make[1]: Leaving directory '/home/jbreslin/sandbox/breslingladiator/gladiator/CMakeFiles/CMakeTmp'
Makefile:126: recipe for target 'cmTC_028a2/fast' failed
make: *** [cmTC_028a2/fast] Error 2


Determining if the function _strupr exists failed with the following output:
Change Dir: /home/jbreslin/sandbox/breslingladiator/gladiator/CMakeFiles/CMakeTmp

Run Build Command:"/usr/bin/make" "cmTC_fb457/fast"
/usr/bin/make -f CMakeFiles/cmTC_fb457.dir/build.make CMakeFiles/cmTC_fb457.dir/build
make[1]: Entering directory '/home/jbreslin/sandbox/breslingladiator/gladiator/CMakeFiles/CMakeTmp'
Building C object CMakeFiles/cmTC_fb457.dir/CheckFunctionExists.c.o
/usr/bin/cc    -march=native -ffast-math -pthread -fdiagnostics-color=auto -DCHECK_FUNCTION_EXISTS=_strupr   -o CMakeFiles/cmTC_fb457.dir/CheckFunctionExists.c.o   -c /usr/share/cmake-3.5/Modules/CheckFunctionExists.c
Linking C executable cmTC_fb457
/usr/bin/cmake -E cmake_link_script CMakeFiles/cmTC_fb457.dir/link.txt --verbose=1
/usr/bin/cc  -march=native -ffast-math -pthread -fdiagnostics-color=auto -DCHECK_FUNCTION_EXISTS=_strupr    CMakeFiles/cmTC_fb457.dir/CheckFunctionExists.c.o  -o cmTC_fb457 -rdynamic 
CMakeFiles/cmTC_fb457.dir/CheckFunctionExists.c.o: In function `main':
CheckFunctionExists.c:(.text+0x15): undefined reference to `_strupr'
collect2: error: ld returned 1 exit status
CMakeFiles/cmTC_fb457.dir/build.make:97: recipe for target 'cmTC_fb457' failed
make[1]: *** [cmTC_fb457] Error 1
make[1]: Leaving directory '/home/jbreslin/sandbox/breslingladiator/gladiator/CMakeFiles/CMakeTmp'
Makefile:126: recipe for target 'cmTC_fb457/fast' failed
make: *** [cmTC_fb457/fast] Error 2


Determining if the function _strlwr exists failed with the following output:
Change Dir: /home/jbreslin/sandbox/breslingladiator/gladiator/CMakeFiles/CMakeTmp

Run Build Command:"/usr/bin/make" "cmTC_82940/fast"
/usr/bin/make -f CMakeFiles/cmTC_82940.dir/build.make CMakeFiles/cmTC_82940.dir/build
make[1]: Entering directory '/home/jbreslin/sandbox/breslingladiator/gladiator/CMakeFiles/CMakeTmp'
Building C object CMakeFiles/cmTC_82940.dir/CheckFunctionExists.c.o
/usr/bin/cc    -march=native -ffast-math -pthread -fdiagnostics-color=auto -DCHECK_FUNCTION_EXISTS=_strlwr   -o CMakeFiles/cmTC_82940.dir/CheckFunctionExists.c.o   -c /usr/share/cmake-3.5/Modules/CheckFunctionExists.c
Linking C executable cmTC_82940
/usr/bin/cmake -E cmake_link_script CMakeFiles/cmTC_82940.dir/link.txt --verbose=1
/usr/bin/cc  -march=native -ffast-math -pthread -fdiagnostics-color=auto -DCHECK_FUNCTION_EXISTS=_strlwr    CMakeFiles/cmTC_82940.dir/CheckFunctionExists.c.o  -o cmTC_82940 -rdynamic 
CMakeFiles/cmTC_82940.dir/CheckFunctionExists.c.o: In function `main':
CheckFunctionExists.c:(.text+0x15): undefined reference to `_strlwr'
collect2: error: ld returned 1 exit status
CMakeFiles/cmTC_82940.dir/build.make:97: recipe for target 'cmTC_82940' failed
make[1]: *** [cmTC_82940] Error 1
make[1]: Leaving directory '/home/jbreslin/sandbox/breslingladiator/gladiator/CMakeFiles/CMakeTmp'
Makefile:126: recipe for target 'cmTC_82940/fast' failed
make: *** [cmTC_82940/fast] Error 2


Determining if the function itoa exists failed with the following output:
Change Dir: /home/jbreslin/sandbox/breslingladiator/gladiator/CMakeFiles/CMakeTmp

Run Build Command:"/usr/bin/make" "cmTC_50e87/fast"
/usr/bin/make -f CMakeFiles/cmTC_50e87.dir/build.make CMakeFiles/cmTC_50e87.dir/build
make[1]: Entering directory '/home/jbreslin/sandbox/breslingladiator/gladiator/CMakeFiles/CMakeTmp'
Building C object CMakeFiles/cmTC_50e87.dir/CheckFunctionExists.c.o
/usr/bin/cc    -march=native -ffast-math -pthread -fdiagnostics-color=auto -DCHECK_FUNCTION_EXISTS=itoa   -o CMakeFiles/cmTC_50e87.dir/CheckFunctionExists.c.o   -c /usr/share/cmake-3.5/Modules/CheckFunctionExists.c
Linking C executable cmTC_50e87
/usr/bin/cmake -E cmake_link_script CMakeFiles/cmTC_50e87.dir/link.txt --verbose=1
/usr/bin/cc  -march=native -ffast-math -pthread -fdiagnostics-color=auto -DCHECK_FUNCTION_EXISTS=itoa    CMakeFiles/cmTC_50e87.dir/CheckFunctionExists.c.o  -o cmTC_50e87 -rdynamic 
CMakeFiles/cmTC_50e87.dir/CheckFunctionExists.c.o: In function `main':
CheckFunctionExists.c:(.text+0x15): undefined reference to `itoa'
collect2: error: ld returned 1 exit status
CMakeFiles/cmTC_50e87.dir/build.make:97: recipe for target 'cmTC_50e87' failed
make[1]: *** [cmTC_50e87] Error 1
make[1]: Leaving directory '/home/jbreslin/sandbox/breslingladiator/gladiator/CMakeFiles/CMakeTmp'
Makefile:126: recipe for target 'cmTC_50e87/fast' failed
make: *** [cmTC_50e87/fast] Error 2


Determining if the function _ltoa exists failed with the following output:
Change Dir: /home/jbreslin/sandbox/breslingladiator/gladiator/CMakeFiles/CMakeTmp

Run Build Command:"/usr/bin/make" "cmTC_4b6ff/fast"
/usr/bin/make -f CMakeFiles/cmTC_4b6ff.dir/build.make CMakeFiles/cmTC_4b6ff.dir/build
make[1]: Entering directory '/home/jbreslin/sandbox/breslingladiator/gladiator/CMakeFiles/CMakeTmp'
Building C object CMakeFiles/cmTC_4b6ff.dir/CheckFunctionExists.c.o
/usr/bin/cc    -march=native -ffast-math -pthread -fdiagnostics-color=auto -DCHECK_FUNCTION_EXISTS=_ltoa   -o CMakeFiles/cmTC_4b6ff.dir/CheckFunctionExists.c.o   -c /usr/share/cmake-3.5/Modules/CheckFunctionExists.c
Linking C executable cmTC_4b6ff
/usr/bin/cmake -E cmake_link_script CMakeFiles/cmTC_4b6ff.dir/link.txt --verbose=1
/usr/bin/cc  -march=native -ffast-math -pthread -fdiagnostics-color=auto -DCHECK_FUNCTION_EXISTS=_ltoa    CMakeFiles/cmTC_4b6ff.dir/CheckFunctionExists.c.o  -o cmTC_4b6ff -rdynamic 
CMakeFiles/cmTC_4b6ff.dir/CheckFunctionExists.c.o: In function `main':
CheckFunctionExists.c:(.text+0x15): undefined reference to `_ltoa'
collect2: error: ld returned 1 exit status
CMakeFiles/cmTC_4b6ff.dir/build.make:97: recipe for target 'cmTC_4b6ff' failed
make[1]: *** [cmTC_4b6ff] Error 1
make[1]: Leaving directory '/home/jbreslin/sandbox/breslingladiator/gladiator/CMakeFiles/CMakeTmp'
Makefile:126: recipe for target 'cmTC_4b6ff/fast' failed
make: *** [cmTC_4b6ff/fast] Error 2


Determining if the function _uitoa exists failed with the following output:
Change Dir: /home/jbreslin/sandbox/breslingladiator/gladiator/CMakeFiles/CMakeTmp

Run Build Command:"/usr/bin/make" "cmTC_0dc80/fast"
/usr/bin/make -f CMakeFiles/cmTC_0dc80.dir/build.make CMakeFiles/cmTC_0dc80.dir/build
make[1]: Entering directory '/home/jbreslin/sandbox/breslingladiator/gladiator/CMakeFiles/CMakeTmp'
Building C object CMakeFiles/cmTC_0dc80.dir/CheckFunctionExists.c.o
/usr/bin/cc    -march=native -ffast-math -pthread -fdiagnostics-color=auto -DCHECK_FUNCTION_EXISTS=_uitoa   -o CMakeFiles/cmTC_0dc80.dir/CheckFunctionExists.c.o   -c /usr/share/cmake-3.5/Modules/CheckFunctionExists.c
Linking C executable cmTC_0dc80
/usr/bin/cmake -E cmake_link_script CMakeFiles/cmTC_0dc80.dir/link.txt --verbose=1
/usr/bin/cc  -march=native -ffast-math -pthread -fdiagnostics-color=auto -DCHECK_FUNCTION_EXISTS=_uitoa    CMakeFiles/cmTC_0dc80.dir/CheckFunctionExists.c.o  -o cmTC_0dc80 -rdynamic 
CMakeFiles/cmTC_0dc80.dir/CheckFunctionExists.c.o: In function `main':
CheckFunctionExists.c:(.text+0x15): undefined reference to `_uitoa'
collect2: error: ld returned 1 exit status
CMakeFiles/cmTC_0dc80.dir/build.make:97: recipe for target 'cmTC_0dc80' failed
make[1]: *** [cmTC_0dc80] Error 1
make[1]: Leaving directory '/home/jbreslin/sandbox/breslingladiator/gladiator/CMakeFiles/CMakeTmp'
Makefile:126: recipe for target 'cmTC_0dc80/fast' failed
make: *** [cmTC_0dc80/fast] Error 2


Determining if the function _ultoa exists failed with the following output:
Change Dir: /home/jbreslin/sandbox/breslingladiator/gladiator/CMakeFiles/CMakeTmp

Run Build Command:"/usr/bin/make" "cmTC_dc0e6/fast"
/usr/bin/make -f CMakeFiles/cmTC_dc0e6.dir/build.make CMakeFiles/cmTC_dc0e6.dir/build
make[1]: Entering directory '/home/jbreslin/sandbox/breslingladiator/gladiator/CMakeFiles/CMakeTmp'
Building C object CMakeFiles/cmTC_dc0e6.dir/CheckFunctionExists.c.o
/usr/bin/cc    -march=native -ffast-math -pthread -fdiagnostics-color=auto -DCHECK_FUNCTION_EXISTS=_ultoa   -o CMakeFiles/cmTC_dc0e6.dir/CheckFunctionExists.c.o   -c /usr/share/cmake-3.5/Modules/CheckFunctionExists.c
Linking C executable cmTC_dc0e6
/usr/bin/cmake -E cmake_link_script CMakeFiles/cmTC_dc0e6.dir/link.txt --verbose=1
/usr/bin/cc  -march=native -ffast-math -pthread -fdiagnostics-color=auto -DCHECK_FUNCTION_EXISTS=_ultoa    CMakeFiles/cmTC_dc0e6.dir/CheckFunctionExists.c.o  -o cmTC_dc0e6 -rdynamic 
CMakeFiles/cmTC_dc0e6.dir/CheckFunctionExists.c.o: In function `main':
CheckFunctionExists.c:(.text+0x15): undefined reference to `_ultoa'
collect2: error: ld returned 1 exit status
CMakeFiles/cmTC_dc0e6.dir/build.make:97: recipe for target 'cmTC_dc0e6' failed
make[1]: *** [cmTC_dc0e6] Error 1
make[1]: Leaving directory '/home/jbreslin/sandbox/breslingladiator/gladiator/CMakeFiles/CMakeTmp'
Makefile:126: recipe for target 'cmTC_dc0e6/fast' failed
make: *** [cmTC_dc0e6/fast] Error 2


Determining if the function _i64toa exists failed with the following output:
Change Dir: /home/jbreslin/sandbox/breslingladiator/gladiator/CMakeFiles/CMakeTmp

Run Build Command:"/usr/bin/make" "cmTC_1fd2c/fast"
/usr/bin/make -f CMakeFiles/cmTC_1fd2c.dir/build.make CMakeFiles/cmTC_1fd2c.dir/build
make[1]: Entering directory '/home/jbreslin/sandbox/breslingladiator/gladiator/CMakeFiles/CMakeTmp'
Building C object CMakeFiles/cmTC_1fd2c.dir/CheckFunctionExists.c.o
/usr/bin/cc    -march=native -ffast-math -pthread -fdiagnostics-color=auto -DCHECK_FUNCTION_EXISTS=_i64toa   -o CMakeFiles/cmTC_1fd2c.dir/CheckFunctionExists.c.o   -c /usr/share/cmake-3.5/Modules/CheckFunctionExists.c
Linking C executable cmTC_1fd2c
/usr/bin/cmake -E cmake_link_script CMakeFiles/cmTC_1fd2c.dir/link.txt --verbose=1
/usr/bin/cc  -march=native -ffast-math -pthread -fdiagnostics-color=auto -DCHECK_FUNCTION_EXISTS=_i64toa    CMakeFiles/cmTC_1fd2c.dir/CheckFunctionExists.c.o  -o cmTC_1fd2c -rdynamic 
CMakeFiles/cmTC_1fd2c.dir/CheckFunctionExists.c.o: In function `main':
CheckFunctionExists.c:(.text+0x15): undefined reference to `_i64toa'
collect2: error: ld returned 1 exit status
CMakeFiles/cmTC_1fd2c.dir/build.make:97: recipe for target 'cmTC_1fd2c' failed
make[1]: *** [cmTC_1fd2c] Error 1
make[1]: Leaving directory '/home/jbreslin/sandbox/breslingladiator/gladiator/CMakeFiles/CMakeTmp'
Makefile:126: recipe for target 'cmTC_1fd2c/fast' failed
make: *** [cmTC_1fd2c/fast] Error 2


Determining if the function _ui64toa exists failed with the following output:
Change Dir: /home/jbreslin/sandbox/breslingladiator/gladiator/CMakeFiles/CMakeTmp

Run Build Command:"/usr/bin/make" "cmTC_f27ab/fast"
/usr/bin/make -f CMakeFiles/cmTC_f27ab.dir/build.make CMakeFiles/cmTC_f27ab.dir/build
make[1]: Entering directory '/home/jbreslin/sandbox/breslingladiator/gladiator/CMakeFiles/CMakeTmp'
Building C object CMakeFiles/cmTC_f27ab.dir/CheckFunctionExists.c.o
/usr/bin/cc    -march=native -ffast-math -pthread -fdiagnostics-color=auto -DCHECK_FUNCTION_EXISTS=_ui64toa   -o CMakeFiles/cmTC_f27ab.dir/CheckFunctionExists.c.o   -c /usr/share/cmake-3.5/Modules/CheckFunctionExists.c
Linking C executable cmTC_f27ab
/usr/bin/cmake -E cmake_link_script CMakeFiles/cmTC_f27ab.dir/link.txt --verbose=1
/usr/bin/cc  -march=native -ffast-math -pthread -fdiagnostics-color=auto -DCHECK_FUNCTION_EXISTS=_ui64toa    CMakeFiles/cmTC_f27ab.dir/CheckFunctionExists.c.o  -o cmTC_f27ab -rdynamic 
CMakeFiles/cmTC_f27ab.dir/CheckFunctionExists.c.o: In function `main':
CheckFunctionExists.c:(.text+0x15): undefined reference to `_ui64toa'
collect2: error: ld returned 1 exit status
CMakeFiles/cmTC_f27ab.dir/build.make:97: recipe for target 'cmTC_f27ab' failed
make[1]: *** [cmTC_f27ab] Error 1
make[1]: Leaving directory '/home/jbreslin/sandbox/breslingladiator/gladiator/CMakeFiles/CMakeTmp'
Makefile:126: recipe for target 'cmTC_f27ab/fast' failed
make: *** [cmTC_f27ab/fast] Error 2


Determining if the function _stricmp exists failed with the following output:
Change Dir: /home/jbreslin/sandbox/breslingladiator/gladiator/CMakeFiles/CMakeTmp

Run Build Command:"/usr/bin/make" "cmTC_1c28f/fast"
/usr/bin/make -f CMakeFiles/cmTC_1c28f.dir/build.make CMakeFiles/cmTC_1c28f.dir/build
make[1]: Entering directory '/home/jbreslin/sandbox/breslingladiator/gladiator/CMakeFiles/CMakeTmp'
Building C object CMakeFiles/cmTC_1c28f.dir/CheckFunctionExists.c.o
/usr/bin/cc    -march=native -ffast-math -pthread -fdiagnostics-color=auto -DCHECK_FUNCTION_EXISTS=_stricmp   -o CMakeFiles/cmTC_1c28f.dir/CheckFunctionExists.c.o   -c /usr/share/cmake-3.5/Modules/CheckFunctionExists.c
Linking C executable cmTC_1c28f
/usr/bin/cmake -E cmake_link_script CMakeFiles/cmTC_1c28f.dir/link.txt --verbose=1
/usr/bin/cc  -march=native -ffast-math -pthread -fdiagnostics-color=auto -DCHECK_FUNCTION_EXISTS=_stricmp    CMakeFiles/cmTC_1c28f.dir/CheckFunctionExists.c.o  -o cmTC_1c28f -rdynamic 
CMakeFiles/cmTC_1c28f.dir/CheckFunctionExists.c.o: In function `main':
CheckFunctionExists.c:(.text+0x15): undefined reference to `_stricmp'
collect2: error: ld returned 1 exit status
CMakeFiles/cmTC_1c28f.dir/build.make:97: recipe for target 'cmTC_1c28f' failed
make[1]: *** [cmTC_1c28f] Error 1
make[1]: Leaving directory '/home/jbreslin/sandbox/breslingladiator/gladiator/CMakeFiles/CMakeTmp'
Makefile:126: recipe for target 'cmTC_1c28f/fast' failed
make: *** [cmTC_1c28f/fast] Error 2


Determining if the function _strnicmp exists failed with the following output:
Change Dir: /home/jbreslin/sandbox/breslingladiator/gladiator/CMakeFiles/CMakeTmp

Run Build Command:"/usr/bin/make" "cmTC_998b6/fast"
/usr/bin/make -f CMakeFiles/cmTC_998b6.dir/build.make CMakeFiles/cmTC_998b6.dir/build
make[1]: Entering directory '/home/jbreslin/sandbox/breslingladiator/gladiator/CMakeFiles/CMakeTmp'
Building C object CMakeFiles/cmTC_998b6.dir/CheckFunctionExists.c.o
/usr/bin/cc    -march=native -ffast-math -pthread -fdiagnostics-color=auto -DCHECK_FUNCTION_EXISTS=_strnicmp   -o CMakeFiles/cmTC_998b6.dir/CheckFunctionExists.c.o   -c /usr/share/cmake-3.5/Modules/CheckFunctionExists.c
Linking C executable cmTC_998b6
/usr/bin/cmake -E cmake_link_script CMakeFiles/cmTC_998b6.dir/link.txt --verbose=1
/usr/bin/cc  -march=native -ffast-math -pthread -fdiagnostics-color=auto -DCHECK_FUNCTION_EXISTS=_strnicmp    CMakeFiles/cmTC_998b6.dir/CheckFunctionExists.c.o  -o cmTC_998b6 -rdynamic 
CMakeFiles/cmTC_998b6.dir/CheckFunctionExists.c.o: In function `main':
CheckFunctionExists.c:(.text+0x15): undefined reference to `_strnicmp'
collect2: error: ld returned 1 exit status
CMakeFiles/cmTC_998b6.dir/build.make:97: recipe for target 'cmTC_998b6' failed
make[1]: *** [cmTC_998b6] Error 1
make[1]: Leaving directory '/home/jbreslin/sandbox/breslingladiator/gladiator/CMakeFiles/CMakeTmp'
Makefile:126: recipe for target 'cmTC_998b6/fast' failed
make: *** [cmTC_998b6/fast] Error 2


Determining if the function sysctlbyname exists failed with the following output:
Change Dir: /home/jbreslin/sandbox/breslingladiator/gladiator/CMakeFiles/CMakeTmp

Run Build Command:"/usr/bin/make" "cmTC_3cfdd/fast"
/usr/bin/make -f CMakeFiles/cmTC_3cfdd.dir/build.make CMakeFiles/cmTC_3cfdd.dir/build
make[1]: Entering directory '/home/jbreslin/sandbox/breslingladiator/gladiator/CMakeFiles/CMakeTmp'
Building C object CMakeFiles/cmTC_3cfdd.dir/CheckFunctionExists.c.o
/usr/bin/cc    -march=native -ffast-math -pthread -fdiagnostics-color=auto -DCHECK_FUNCTION_EXISTS=sysctlbyname   -o CMakeFiles/cmTC_3cfdd.dir/CheckFunctionExists.c.o   -c /usr/share/cmake-3.5/Modules/CheckFunctionExists.c
Linking C executable cmTC_3cfdd
/usr/bin/cmake -E cmake_link_script CMakeFiles/cmTC_3cfdd.dir/link.txt --verbose=1
/usr/bin/cc  -march=native -ffast-math -pthread -fdiagnostics-color=auto -DCHECK_FUNCTION_EXISTS=sysctlbyname    CMakeFiles/cmTC_3cfdd.dir/CheckFunctionExists.c.o  -o cmTC_3cfdd -rdynamic 
CMakeFiles/cmTC_3cfdd.dir/CheckFunctionExists.c.o: In function `main':
CheckFunctionExists.c:(.text+0x15): undefined reference to `sysctlbyname'
collect2: error: ld returned 1 exit status
CMakeFiles/cmTC_3cfdd.dir/build.make:97: recipe for target 'cmTC_3cfdd' failed
make[1]: *** [cmTC_3cfdd] Error 1
make[1]: Leaving directory '/home/jbreslin/sandbox/breslingladiator/gladiator/CMakeFiles/CMakeTmp'
Makefile:126: recipe for target 'cmTC_3cfdd/fast' failed
make: *** [cmTC_3cfdd/fast] Error 2


Determining if the function iconv_open exists in the iconv failed with the following output:
Change Dir: /home/jbreslin/sandbox/breslingladiator/gladiator/CMakeFiles/CMakeTmp

Run Build Command:"/usr/bin/make" "cmTC_f10e3/fast"
/usr/bin/make -f CMakeFiles/cmTC_f10e3.dir/build.make CMakeFiles/cmTC_f10e3.dir/build
make[1]: Entering directory '/home/jbreslin/sandbox/breslingladiator/gladiator/CMakeFiles/CMakeTmp'
Building C object CMakeFiles/cmTC_f10e3.dir/CheckFunctionExists.c.o
/usr/bin/cc    -march=native -ffast-math -pthread -fdiagnostics-color=auto -DCHECK_FUNCTION_EXISTS=iconv_open   -o CMakeFiles/cmTC_f10e3.dir/CheckFunctionExists.c.o   -c /usr/share/cmake-3.5/Modules/CheckFunctionExists.c
Linking C executable cmTC_f10e3
/usr/bin/cmake -E cmake_link_script CMakeFiles/cmTC_f10e3.dir/link.txt --verbose=1
/usr/bin/cc  -march=native -ffast-math -pthread -fdiagnostics-color=auto -DCHECK_FUNCTION_EXISTS=iconv_open    CMakeFiles/cmTC_f10e3.dir/CheckFunctionExists.c.o  -o cmTC_f10e3 -rdynamic -liconv 
/usr/bin/ld: cannot find -liconv
collect2: error: ld returned 1 exit status
CMakeFiles/cmTC_f10e3.dir/build.make:97: recipe for target 'cmTC_f10e3' failed
make[1]: *** [cmTC_f10e3] Error 1
make[1]: Leaving directory '/home/jbreslin/sandbox/breslingladiator/gladiator/CMakeFiles/CMakeTmp'
Makefile:126: recipe for target 'cmTC_f10e3/fast' failed
make: *** [cmTC_f10e3/fast] Error 2


Determining if the function dlopen exists failed with the following output:
Change Dir: /home/jbreslin/sandbox/breslingladiator/gladiator/CMakeFiles/CMakeTmp

Run Build Command:"/usr/bin/make" "cmTC_c3d3f/fast"
/usr/bin/make -f CMakeFiles/cmTC_c3d3f.dir/build.make CMakeFiles/cmTC_c3d3f.dir/build
make[1]: Entering directory '/home/jbreslin/sandbox/breslingladiator/gladiator/CMakeFiles/CMakeTmp'
Building C object CMakeFiles/cmTC_c3d3f.dir/CheckFunctionExists.c.o
/usr/bin/cc    -march=native -ffast-math -pthread -fdiagnostics-color=auto -DCHECK_FUNCTION_EXISTS=dlopen   -o CMakeFiles/cmTC_c3d3f.dir/CheckFunctionExists.c.o   -c /usr/share/cmake-3.5/Modules/CheckFunctionExists.c
Linking C executable cmTC_c3d3f
/usr/bin/cmake -E cmake_link_script CMakeFiles/cmTC_c3d3f.dir/link.txt --verbose=1
/usr/bin/cc  -march=native -ffast-math -pthread -fdiagnostics-color=auto -DCHECK_FUNCTION_EXISTS=dlopen    CMakeFiles/cmTC_c3d3f.dir/CheckFunctionExists.c.o  -o cmTC_c3d3f -rdynamic 
CMakeFiles/cmTC_c3d3f.dir/CheckFunctionExists.c.o: In function `main':
CheckFunctionExists.c:(.text+0x15): undefined reference to `dlopen'
collect2: error: ld returned 1 exit status
CMakeFiles/cmTC_c3d3f.dir/build.make:97: recipe for target 'cmTC_c3d3f' failed
make[1]: *** [cmTC_c3d3f] Error 1
make[1]: Leaving directory '/home/jbreslin/sandbox/breslingladiator/gladiator/CMakeFiles/CMakeTmp'
Makefile:126: recipe for target 'cmTC_c3d3f/fast' failed
make: *** [cmTC_c3d3f/fast] Error 2


Performing C SOURCE FILE Test HAVE_PTHREAD_NP_H failed with the following output:
Change Dir: /home/jbreslin/sandbox/breslingladiator/gladiator/CMakeFiles/CMakeTmp

Run Build Command:"/usr/bin/make" "cmTC_0d137/fast"
/usr/bin/make -f CMakeFiles/cmTC_0d137.dir/build.make CMakeFiles/cmTC_0d137.dir/build
make[1]: Entering directory '/home/jbreslin/sandbox/breslingladiator/gladiator/CMakeFiles/CMakeTmp'
Building C object CMakeFiles/cmTC_0d137.dir/src.c.o
/usr/bin/cc    -march=native -ffast-math -pthread -fdiagnostics-color=auto -DHAVE_PTHREAD_NP_H -pthread   -o CMakeFiles/cmTC_0d137.dir/src.c.o   -c /home/jbreslin/sandbox/breslingladiator/gladiator/CMakeFiles/CMakeTmp/src.c
/home/jbreslin/sandbox/breslingladiator/gladiator/CMakeFiles/CMakeTmp/src.c:3:34: fatal error: pthread_np.h: No such file or directory
compilation terminated.
CMakeFiles/cmTC_0d137.dir/build.make:65: recipe for target 'CMakeFiles/cmTC_0d137.dir/src.c.o' failed
make[1]: *** [CMakeFiles/cmTC_0d137.dir/src.c.o] Error 1
make[1]: Leaving directory '/home/jbreslin/sandbox/breslingladiator/gladiator/CMakeFiles/CMakeTmp'
Makefile:126: recipe for target 'cmTC_0d137/fast' failed
make: *** [cmTC_0d137/fast] Error 2

Source file was:

          #include <pthread.h>
          #include <pthread_np.h>
          int main(int argc, char** argv) { return 0; }
Determining if the function pthread_set_name_np exists failed with the following output:
Change Dir: /home/jbreslin/sandbox/breslingladiator/gladiator/CMakeFiles/CMakeTmp

Run Build Command:"/usr/bin/make" "cmTC_2dca6/fast"
/usr/bin/make -f CMakeFiles/cmTC_2dca6.dir/build.make CMakeFiles/cmTC_2dca6.dir/build
make[1]: Entering directory '/home/jbreslin/sandbox/breslingladiator/gladiator/CMakeFiles/CMakeTmp'
Building C object CMakeFiles/cmTC_2dca6.dir/CheckFunctionExists.c.o
/usr/bin/cc    -march=native -ffast-math -pthread -fdiagnostics-color=auto -DCHECK_FUNCTION_EXISTS=pthread_set_name_np -pthread   -o CMakeFiles/cmTC_2dca6.dir/CheckFunctionExists.c.o   -c /usr/share/cmake-3.5/Modules/CheckFunctionExists.c
Linking C executable cmTC_2dca6
/usr/bin/cmake -E cmake_link_script CMakeFiles/cmTC_2dca6.dir/link.txt --verbose=1
/usr/bin/cc  -march=native -ffast-math -pthread -fdiagnostics-color=auto -DCHECK_FUNCTION_EXISTS=pthread_set_name_np -pthread    CMakeFiles/cmTC_2dca6.dir/CheckFunctionExists.c.o  -o cmTC_2dca6 -rdynamic 
CMakeFiles/cmTC_2dca6.dir/CheckFunctionExists.c.o: In function `main':
CheckFunctionExists.c:(.text+0x15): undefined reference to `pthread_set_name_np'
collect2: error: ld returned 1 exit status
CMakeFiles/cmTC_2dca6.dir/build.make:97: recipe for target 'cmTC_2dca6' failed
make[1]: *** [cmTC_2dca6] Error 1
make[1]: Leaving directory '/home/jbreslin/sandbox/breslingladiator/gladiator/CMakeFiles/CMakeTmp'
Makefile:126: recipe for target 'cmTC_2dca6/fast' failed
make: *** [cmTC_2dca6/fast] Error 2


Determining if the include file X11/extensions/scrnsaver.h exists failed with the following output:
Change Dir: /home/jbreslin/sandbox/breslingladiator/gladiator/CMakeFiles/CMakeTmp

Run Build Command:"/usr/bin/make" "cmTC_55912/fast"
/usr/bin/make -f CMakeFiles/cmTC_55912.dir/build.make CMakeFiles/cmTC_55912.dir/build
make[1]: Entering directory '/home/jbreslin/sandbox/breslingladiator/gladiator/CMakeFiles/CMakeTmp'
Building C object CMakeFiles/cmTC_55912.dir/CheckIncludeFile.c.o
/usr/bin/cc    -march=native -ffast-math -pthread -fdiagnostics-color=auto -fPIC -shared   -o CMakeFiles/cmTC_55912.dir/CheckIncludeFile.c.o   -c /home/jbreslin/sandbox/breslingladiator/gladiator/CMakeFiles/CMakeTmp/CheckIncludeFile.c
/home/jbreslin/sandbox/breslingladiator/gladiator/CMakeFiles/CMakeTmp/CheckIncludeFile.c:1:38: fatal error: X11/extensions/scrnsaver.h: No such file or directory
compilation terminated.
CMakeFiles/cmTC_55912.dir/build.make:65: recipe for target 'CMakeFiles/cmTC_55912.dir/CheckIncludeFile.c.o' failed
make[1]: *** [CMakeFiles/cmTC_55912.dir/CheckIncludeFile.c.o] Error 1
make[1]: Leaving directory '/home/jbreslin/sandbox/breslingladiator/gladiator/CMakeFiles/CMakeTmp'
Makefile:126: recipe for target 'cmTC_55912/fast' failed
make: *** [cmTC_55912/fast] Error 2


Performing C SOURCE FILE Test HAVE_VIDEO_OPENGLES_V1 failed with the following output:
Change Dir: /home/jbreslin/sandbox/breslingladiator/gladiator/CMakeFiles/CMakeTmp

Run Build Command:"/usr/bin/make" "cmTC_0adbd/fast"
/usr/bin/make -f CMakeFiles/cmTC_0adbd.dir/build.make CMakeFiles/cmTC_0adbd.dir/build
make[1]: Entering directory '/home/jbreslin/sandbox/breslingladiator/gladiator/CMakeFiles/CMakeTmp'
Building C object CMakeFiles/cmTC_0adbd.dir/src.c.o
/usr/bin/cc    -march=native -ffast-math -pthread -fdiagnostics-color=auto -DHAVE_VIDEO_OPENGLES_V1   -o CMakeFiles/cmTC_0adbd.dir/src.c.o   -c /home/jbreslin/sandbox/breslingladiator/gladiator/CMakeFiles/CMakeTmp/src.c
/home/jbreslin/sandbox/breslingladiator/gladiator/CMakeFiles/CMakeTmp/src.c:2:27: fatal error: GLES/gl.h: No such file or directory
compilation terminated.
CMakeFiles/cmTC_0adbd.dir/build.make:65: recipe for target 'CMakeFiles/cmTC_0adbd.dir/src.c.o' failed
make[1]: *** [CMakeFiles/cmTC_0adbd.dir/src.c.o] Error 1
make[1]: Leaving directory '/home/jbreslin/sandbox/breslingladiator/gladiator/CMakeFiles/CMakeTmp'
Makefile:126: recipe for target 'cmTC_0adbd/fast' failed
make: *** [cmTC_0adbd/fast] Error 2

Source file was:

      #include <GLES/gl.h>
      #include <GLES/glext.h>
      int main (int argc, char** argv) {}
Performing C SOURCE FILE Test HAVE_VIDEO_OPENGLES_V2 failed with the following output:
Change Dir: /home/jbreslin/sandbox/breslingladiator/gladiator/CMakeFiles/CMakeTmp

Run Build Command:"/usr/bin/make" "cmTC_7cff5/fast"
/usr/bin/make -f CMakeFiles/cmTC_7cff5.dir/build.make CMakeFiles/cmTC_7cff5.dir/build
make[1]: Entering directory '/home/jbreslin/sandbox/breslingladiator/gladiator/CMakeFiles/CMakeTmp'
Building C object CMakeFiles/cmTC_7cff5.dir/src.c.o
/usr/bin/cc    -march=native -ffast-math -pthread -fdiagnostics-color=auto -DHAVE_VIDEO_OPENGLES_V2   -o CMakeFiles/cmTC_7cff5.dir/src.c.o   -c /home/jbreslin/sandbox/breslingladiator/gladiator/CMakeFiles/CMakeTmp/src.c
/home/jbreslin/sandbox/breslingladiator/gladiator/CMakeFiles/CMakeTmp/src.c:2:29: fatal error: GLES2/gl2.h: No such file or directory
compilation terminated.
CMakeFiles/cmTC_7cff5.dir/build.make:65: recipe for target 'CMakeFiles/cmTC_7cff5.dir/src.c.o' failed
make[1]: *** [CMakeFiles/cmTC_7cff5.dir/src.c.o] Error 1
make[1]: Leaving directory '/home/jbreslin/sandbox/breslingladiator/gladiator/CMakeFiles/CMakeTmp'
Makefile:126: recipe for target 'cmTC_7cff5/fast' failed
make: *** [cmTC_7cff5/fast] Error 2

Source file was:

      #include <GLES2/gl2.h>
      #include <GLES2/gl2ext.h>
      int main (int argc, char** argv) {}
Performing C SOURCE FILE Test HAVE_VIDEO_VIVANTE_VDK failed with the following output:
Change Dir: /home/jbreslin/sandbox/breslingladiator/gladiator/CMakeFiles/CMakeTmp

Run Build Command:"/usr/bin/make" "cmTC_b3201/fast"
/usr/bin/make -f CMakeFiles/cmTC_b3201.dir/build.make CMakeFiles/cmTC_b3201.dir/build
make[1]: Entering directory '/home/jbreslin/sandbox/breslingladiator/gladiator/CMakeFiles/CMakeTmp'
Building C object CMakeFiles/cmTC_b3201.dir/src.c.o
/usr/bin/cc    -march=native -ffast-math -pthread -fdiagnostics-color=auto -DHAVE_VIDEO_VIVANTE_VDK   -o CMakeFiles/cmTC_b3201.dir/src.c.o   -c /home/jbreslin/sandbox/breslingladiator/gladiator/CMakeFiles/CMakeTmp/src.c
/home/jbreslin/sandbox/breslingladiator/gladiator/CMakeFiles/CMakeTmp/src.c:2:28: fatal error: gc_vdk.h: No such file or directory
compilation terminated.
CMakeFiles/cmTC_b3201.dir/build.make:65: recipe for target 'CMakeFiles/cmTC_b3201.dir/src.c.o' failed
make[1]: *** [CMakeFiles/cmTC_b3201.dir/src.c.o] Error 1
make[1]: Leaving directory '/home/jbreslin/sandbox/breslingladiator/gladiator/CMakeFiles/CMakeTmp'
Makefile:126: recipe for target 'cmTC_b3201/fast' failed
make: *** [cmTC_b3201/fast] Error 2

Source file was:

        #include <gc_vdk.h>
        int main(int argc, char** argv) {}
Performing C SOURCE FILE Test HAVE_VIDEO_VIVANTE_EGL_FB failed with the following output:
Change Dir: /home/jbreslin/sandbox/breslingladiator/gladiator/CMakeFiles/CMakeTmp

Run Build Command:"/usr/bin/make" "cmTC_135d8/fast"
/usr/bin/make -f CMakeFiles/cmTC_135d8.dir/build.make CMakeFiles/cmTC_135d8.dir/build
make[1]: Entering directory '/home/jbreslin/sandbox/breslingladiator/gladiator/CMakeFiles/CMakeTmp'
Building C object CMakeFiles/cmTC_135d8.dir/src.c.o
/usr/bin/cc    -march=native -ffast-math -pthread -fdiagnostics-color=auto -DHAVE_VIDEO_VIVANTE_EGL_FB   -o CMakeFiles/cmTC_135d8.dir/src.c.o   -c /home/jbreslin/sandbox/breslingladiator/gladiator/CMakeFiles/CMakeTmp/src.c
/home/jbreslin/sandbox/breslingladiator/gladiator/CMakeFiles/CMakeTmp/src.c:4:36: fatal error: EGL/eglvivante.h: No such file or directory
compilation terminated.
CMakeFiles/cmTC_135d8.dir/build.make:65: recipe for target 'CMakeFiles/cmTC_135d8.dir/src.c.o' failed
make[1]: *** [CMakeFiles/cmTC_135d8.dir/src.c.o] Error 1
make[1]: Leaving directory '/home/jbreslin/sandbox/breslingladiator/gladiator/CMakeFiles/CMakeTmp'
Makefile:126: recipe for target 'cmTC_135d8/fast' failed
make: *** [cmTC_135d8/fast] Error 2

Source file was:

        #define LINUX
        #define EGL_API_FB
        #include <EGL/eglvivante.h>
        int main(int argc, char** argv) {}
Determining if the include file tslib.h exists failed with the following output:
Change Dir: /home/jbreslin/sandbox/breslingladiator/gladiator/CMakeFiles/CMakeTmp

Run Build Command:"/usr/bin/make" "cmTC_b69bf/fast"
/usr/bin/make -f CMakeFiles/cmTC_b69bf.dir/build.make CMakeFiles/cmTC_b69bf.dir/build
make[1]: Entering directory '/home/jbreslin/sandbox/breslingladiator/gladiator/CMakeFiles/CMakeTmp'
Building C object CMakeFiles/cmTC_b69bf.dir/CheckIncludeFile.c.o
/usr/bin/cc    -march=native -ffast-math -pthread -fdiagnostics-color=auto     -o CMakeFiles/cmTC_b69bf.dir/CheckIncludeFile.c.o   -c /home/jbreslin/sandbox/breslingladiator/gladiator/CMakeFiles/CMakeTmp/CheckIncludeFile.c
/home/jbreslin/sandbox/breslingladiator/gladiator/CMakeFiles/CMakeTmp/CheckIncludeFile.c:1:19: fatal error: tslib.h: No such file or directory
compilation terminated.
CMakeFiles/cmTC_b69bf.dir/build.make:65: recipe for target 'CMakeFiles/cmTC_b69bf.dir/CheckIncludeFile.c.o' failed
make[1]: *** [CMakeFiles/cmTC_b69bf.dir/CheckIncludeFile.c.o] Error 1
make[1]: Leaving directory '/home/jbreslin/sandbox/breslingladiator/gladiator/CMakeFiles/CMakeTmp'
Makefile:126: recipe for target 'cmTC_b69bf/fast' failed
make: *** [cmTC_b69bf/fast] Error 2


