Determining if the function __sincosf exists failed with the following output:
Change Dir: /home/jbreslin/sandbox/breslingladiator/urho3d/CMakeFiles/CMakeTmp

Run Build Command:"/usr/bin/make" "cmTC_31e35/fast"
/usr/bin/make -f CMakeFiles/cmTC_31e35.dir/build.make CMakeFiles/cmTC_31e35.dir/build
make[1]: Entering directory '/home/jbreslin/sandbox/breslingladiator/urho3d/CMakeFiles/CMakeTmp'
Building C object CMakeFiles/cmTC_31e35.dir/CheckFunctionExists.c.o
/usr/bin/cc    -march=native -ffast-math -pthread -fdiagnostics-color=auto -DCHECK_FUNCTION_EXISTS=__sincosf   -o CMakeFiles/cmTC_31e35.dir/CheckFunctionExists.c.o   -c /usr/share/cmake-3.5/Modules/CheckFunctionExists.c
Linking C executable cmTC_31e35
/usr/bin/cmake -E cmake_link_script CMakeFiles/cmTC_31e35.dir/link.txt --verbose=1
/usr/bin/cc  -march=native -ffast-math -pthread -fdiagnostics-color=auto -DCHECK_FUNCTION_EXISTS=__sincosf    CMakeFiles/cmTC_31e35.dir/CheckFunctionExists.c.o  -o cmTC_31e35 -rdynamic 
CMakeFiles/cmTC_31e35.dir/CheckFunctionExists.c.o: In function `main':
CheckFunctionExists.c:(.text+0x15): undefined reference to `__sincosf'
collect2: error: ld returned 1 exit status
CMakeFiles/cmTC_31e35.dir/build.make:97: recipe for target 'cmTC_31e35' failed
make[1]: *** [cmTC_31e35] Error 1
make[1]: Leaving directory '/home/jbreslin/sandbox/breslingladiator/urho3d/CMakeFiles/CMakeTmp'
Makefile:126: recipe for target 'cmTC_31e35/fast' failed
make: *** [cmTC_31e35/fast] Error 2


Performing C SOURCE FILE Test HAVE_GCC_PREFERRED_STACK_BOUNDARY failed with the following output:
Change Dir: /home/jbreslin/sandbox/breslingladiator/urho3d/CMakeFiles/CMakeTmp

Run Build Command:"/usr/bin/make" "cmTC_62124/fast"
/usr/bin/make -f CMakeFiles/cmTC_62124.dir/build.make CMakeFiles/cmTC_62124.dir/build
make[1]: Entering directory '/home/jbreslin/sandbox/breslingladiator/urho3d/CMakeFiles/CMakeTmp'
Building C object CMakeFiles/cmTC_62124.dir/src.c.o
/usr/bin/cc    -march=native -ffast-math -pthread -fdiagnostics-color=auto -DHAVE_GCC_PREFERRED_STACK_BOUNDARY -mpreferred-stack-boundary=2   -o CMakeFiles/cmTC_62124.dir/src.c.o   -c /home/jbreslin/sandbox/breslingladiator/urho3d/CMakeFiles/CMakeTmp/src.c
/home/jbreslin/sandbox/breslingladiator/urho3d/CMakeFiles/CMakeTmp/src.c:1:0: error: -mpreferred-stack-boundary=2 is not between 4 and 12
 int x = 0; int main(int argc, char **argv) {}
 ^
CMakeFiles/cmTC_62124.dir/build.make:65: recipe for target 'CMakeFiles/cmTC_62124.dir/src.c.o' failed
make[1]: *** [CMakeFiles/cmTC_62124.dir/src.c.o] Error 1
make[1]: Leaving directory '/home/jbreslin/sandbox/breslingladiator/urho3d/CMakeFiles/CMakeTmp'
Makefile:126: recipe for target 'cmTC_62124/fast' failed
make: *** [cmTC_62124/fast] Error 2

Source file was:
int x = 0; int main(int argc, char **argv) {}
Determining if the function strlcpy exists failed with the following output:
Change Dir: /home/jbreslin/sandbox/breslingladiator/urho3d/CMakeFiles/CMakeTmp

Run Build Command:"/usr/bin/make" "cmTC_34279/fast"
/usr/bin/make -f CMakeFiles/cmTC_34279.dir/build.make CMakeFiles/cmTC_34279.dir/build
make[1]: Entering directory '/home/jbreslin/sandbox/breslingladiator/urho3d/CMakeFiles/CMakeTmp'
Building C object CMakeFiles/cmTC_34279.dir/CheckFunctionExists.c.o
/usr/bin/cc    -march=native -ffast-math -pthread -fdiagnostics-color=auto -DCHECK_FUNCTION_EXISTS=strlcpy   -o CMakeFiles/cmTC_34279.dir/CheckFunctionExists.c.o   -c /usr/share/cmake-3.5/Modules/CheckFunctionExists.c
Linking C executable cmTC_34279
/usr/bin/cmake -E cmake_link_script CMakeFiles/cmTC_34279.dir/link.txt --verbose=1
/usr/bin/cc  -march=native -ffast-math -pthread -fdiagnostics-color=auto -DCHECK_FUNCTION_EXISTS=strlcpy    CMakeFiles/cmTC_34279.dir/CheckFunctionExists.c.o  -o cmTC_34279 -rdynamic 
CMakeFiles/cmTC_34279.dir/CheckFunctionExists.c.o: In function `main':
CheckFunctionExists.c:(.text+0x15): undefined reference to `strlcpy'
collect2: error: ld returned 1 exit status
CMakeFiles/cmTC_34279.dir/build.make:97: recipe for target 'cmTC_34279' failed
make[1]: *** [cmTC_34279] Error 1
make[1]: Leaving directory '/home/jbreslin/sandbox/breslingladiator/urho3d/CMakeFiles/CMakeTmp'
Makefile:126: recipe for target 'cmTC_34279/fast' failed
make: *** [cmTC_34279/fast] Error 2


Determining if the function strlcat exists failed with the following output:
Change Dir: /home/jbreslin/sandbox/breslingladiator/urho3d/CMakeFiles/CMakeTmp

Run Build Command:"/usr/bin/make" "cmTC_1331f/fast"
/usr/bin/make -f CMakeFiles/cmTC_1331f.dir/build.make CMakeFiles/cmTC_1331f.dir/build
make[1]: Entering directory '/home/jbreslin/sandbox/breslingladiator/urho3d/CMakeFiles/CMakeTmp'
Building C object CMakeFiles/cmTC_1331f.dir/CheckFunctionExists.c.o
/usr/bin/cc    -march=native -ffast-math -pthread -fdiagnostics-color=auto -DCHECK_FUNCTION_EXISTS=strlcat   -o CMakeFiles/cmTC_1331f.dir/CheckFunctionExists.c.o   -c /usr/share/cmake-3.5/Modules/CheckFunctionExists.c
Linking C executable cmTC_1331f
/usr/bin/cmake -E cmake_link_script CMakeFiles/cmTC_1331f.dir/link.txt --verbose=1
/usr/bin/cc  -march=native -ffast-math -pthread -fdiagnostics-color=auto -DCHECK_FUNCTION_EXISTS=strlcat    CMakeFiles/cmTC_1331f.dir/CheckFunctionExists.c.o  -o cmTC_1331f -rdynamic 
CMakeFiles/cmTC_1331f.dir/CheckFunctionExists.c.o: In function `main':
CheckFunctionExists.c:(.text+0x15): undefined reference to `strlcat'
collect2: error: ld returned 1 exit status
CMakeFiles/cmTC_1331f.dir/build.make:97: recipe for target 'cmTC_1331f' failed
make[1]: *** [cmTC_1331f] Error 1
make[1]: Leaving directory '/home/jbreslin/sandbox/breslingladiator/urho3d/CMakeFiles/CMakeTmp'
Makefile:126: recipe for target 'cmTC_1331f/fast' failed
make: *** [cmTC_1331f/fast] Error 2


Determining if the function _strrev exists failed with the following output:
Change Dir: /home/jbreslin/sandbox/breslingladiator/urho3d/CMakeFiles/CMakeTmp

Run Build Command:"/usr/bin/make" "cmTC_55ea3/fast"
/usr/bin/make -f CMakeFiles/cmTC_55ea3.dir/build.make CMakeFiles/cmTC_55ea3.dir/build
make[1]: Entering directory '/home/jbreslin/sandbox/breslingladiator/urho3d/CMakeFiles/CMakeTmp'
Building C object CMakeFiles/cmTC_55ea3.dir/CheckFunctionExists.c.o
/usr/bin/cc    -march=native -ffast-math -pthread -fdiagnostics-color=auto -DCHECK_FUNCTION_EXISTS=_strrev   -o CMakeFiles/cmTC_55ea3.dir/CheckFunctionExists.c.o   -c /usr/share/cmake-3.5/Modules/CheckFunctionExists.c
Linking C executable cmTC_55ea3
/usr/bin/cmake -E cmake_link_script CMakeFiles/cmTC_55ea3.dir/link.txt --verbose=1
/usr/bin/cc  -march=native -ffast-math -pthread -fdiagnostics-color=auto -DCHECK_FUNCTION_EXISTS=_strrev    CMakeFiles/cmTC_55ea3.dir/CheckFunctionExists.c.o  -o cmTC_55ea3 -rdynamic 
CMakeFiles/cmTC_55ea3.dir/CheckFunctionExists.c.o: In function `main':
CheckFunctionExists.c:(.text+0x15): undefined reference to `_strrev'
collect2: error: ld returned 1 exit status
CMakeFiles/cmTC_55ea3.dir/build.make:97: recipe for target 'cmTC_55ea3' failed
make[1]: *** [cmTC_55ea3] Error 1
make[1]: Leaving directory '/home/jbreslin/sandbox/breslingladiator/urho3d/CMakeFiles/CMakeTmp'
Makefile:126: recipe for target 'cmTC_55ea3/fast' failed
make: *** [cmTC_55ea3/fast] Error 2


Determining if the function _strupr exists failed with the following output:
Change Dir: /home/jbreslin/sandbox/breslingladiator/urho3d/CMakeFiles/CMakeTmp

Run Build Command:"/usr/bin/make" "cmTC_ea761/fast"
/usr/bin/make -f CMakeFiles/cmTC_ea761.dir/build.make CMakeFiles/cmTC_ea761.dir/build
make[1]: Entering directory '/home/jbreslin/sandbox/breslingladiator/urho3d/CMakeFiles/CMakeTmp'
Building C object CMakeFiles/cmTC_ea761.dir/CheckFunctionExists.c.o
/usr/bin/cc    -march=native -ffast-math -pthread -fdiagnostics-color=auto -DCHECK_FUNCTION_EXISTS=_strupr   -o CMakeFiles/cmTC_ea761.dir/CheckFunctionExists.c.o   -c /usr/share/cmake-3.5/Modules/CheckFunctionExists.c
Linking C executable cmTC_ea761
/usr/bin/cmake -E cmake_link_script CMakeFiles/cmTC_ea761.dir/link.txt --verbose=1
/usr/bin/cc  -march=native -ffast-math -pthread -fdiagnostics-color=auto -DCHECK_FUNCTION_EXISTS=_strupr    CMakeFiles/cmTC_ea761.dir/CheckFunctionExists.c.o  -o cmTC_ea761 -rdynamic 
CMakeFiles/cmTC_ea761.dir/CheckFunctionExists.c.o: In function `main':
CheckFunctionExists.c:(.text+0x15): undefined reference to `_strupr'
collect2: error: ld returned 1 exit status
CMakeFiles/cmTC_ea761.dir/build.make:97: recipe for target 'cmTC_ea761' failed
make[1]: *** [cmTC_ea761] Error 1
make[1]: Leaving directory '/home/jbreslin/sandbox/breslingladiator/urho3d/CMakeFiles/CMakeTmp'
Makefile:126: recipe for target 'cmTC_ea761/fast' failed
make: *** [cmTC_ea761/fast] Error 2


Determining if the function _strlwr exists failed with the following output:
Change Dir: /home/jbreslin/sandbox/breslingladiator/urho3d/CMakeFiles/CMakeTmp

Run Build Command:"/usr/bin/make" "cmTC_9dff0/fast"
/usr/bin/make -f CMakeFiles/cmTC_9dff0.dir/build.make CMakeFiles/cmTC_9dff0.dir/build
make[1]: Entering directory '/home/jbreslin/sandbox/breslingladiator/urho3d/CMakeFiles/CMakeTmp'
Building C object CMakeFiles/cmTC_9dff0.dir/CheckFunctionExists.c.o
/usr/bin/cc    -march=native -ffast-math -pthread -fdiagnostics-color=auto -DCHECK_FUNCTION_EXISTS=_strlwr   -o CMakeFiles/cmTC_9dff0.dir/CheckFunctionExists.c.o   -c /usr/share/cmake-3.5/Modules/CheckFunctionExists.c
Linking C executable cmTC_9dff0
/usr/bin/cmake -E cmake_link_script CMakeFiles/cmTC_9dff0.dir/link.txt --verbose=1
/usr/bin/cc  -march=native -ffast-math -pthread -fdiagnostics-color=auto -DCHECK_FUNCTION_EXISTS=_strlwr    CMakeFiles/cmTC_9dff0.dir/CheckFunctionExists.c.o  -o cmTC_9dff0 -rdynamic 
CMakeFiles/cmTC_9dff0.dir/CheckFunctionExists.c.o: In function `main':
CheckFunctionExists.c:(.text+0x15): undefined reference to `_strlwr'
collect2: error: ld returned 1 exit status
CMakeFiles/cmTC_9dff0.dir/build.make:97: recipe for target 'cmTC_9dff0' failed
make[1]: *** [cmTC_9dff0] Error 1
make[1]: Leaving directory '/home/jbreslin/sandbox/breslingladiator/urho3d/CMakeFiles/CMakeTmp'
Makefile:126: recipe for target 'cmTC_9dff0/fast' failed
make: *** [cmTC_9dff0/fast] Error 2


Determining if the function itoa exists failed with the following output:
Change Dir: /home/jbreslin/sandbox/breslingladiator/urho3d/CMakeFiles/CMakeTmp

Run Build Command:"/usr/bin/make" "cmTC_a6e48/fast"
/usr/bin/make -f CMakeFiles/cmTC_a6e48.dir/build.make CMakeFiles/cmTC_a6e48.dir/build
make[1]: Entering directory '/home/jbreslin/sandbox/breslingladiator/urho3d/CMakeFiles/CMakeTmp'
Building C object CMakeFiles/cmTC_a6e48.dir/CheckFunctionExists.c.o
/usr/bin/cc    -march=native -ffast-math -pthread -fdiagnostics-color=auto -DCHECK_FUNCTION_EXISTS=itoa   -o CMakeFiles/cmTC_a6e48.dir/CheckFunctionExists.c.o   -c /usr/share/cmake-3.5/Modules/CheckFunctionExists.c
Linking C executable cmTC_a6e48
/usr/bin/cmake -E cmake_link_script CMakeFiles/cmTC_a6e48.dir/link.txt --verbose=1
/usr/bin/cc  -march=native -ffast-math -pthread -fdiagnostics-color=auto -DCHECK_FUNCTION_EXISTS=itoa    CMakeFiles/cmTC_a6e48.dir/CheckFunctionExists.c.o  -o cmTC_a6e48 -rdynamic 
CMakeFiles/cmTC_a6e48.dir/CheckFunctionExists.c.o: In function `main':
CheckFunctionExists.c:(.text+0x15): undefined reference to `itoa'
collect2: error: ld returned 1 exit status
CMakeFiles/cmTC_a6e48.dir/build.make:97: recipe for target 'cmTC_a6e48' failed
make[1]: *** [cmTC_a6e48] Error 1
make[1]: Leaving directory '/home/jbreslin/sandbox/breslingladiator/urho3d/CMakeFiles/CMakeTmp'
Makefile:126: recipe for target 'cmTC_a6e48/fast' failed
make: *** [cmTC_a6e48/fast] Error 2


Determining if the function _ltoa exists failed with the following output:
Change Dir: /home/jbreslin/sandbox/breslingladiator/urho3d/CMakeFiles/CMakeTmp

Run Build Command:"/usr/bin/make" "cmTC_d8ba4/fast"
/usr/bin/make -f CMakeFiles/cmTC_d8ba4.dir/build.make CMakeFiles/cmTC_d8ba4.dir/build
make[1]: Entering directory '/home/jbreslin/sandbox/breslingladiator/urho3d/CMakeFiles/CMakeTmp'
Building C object CMakeFiles/cmTC_d8ba4.dir/CheckFunctionExists.c.o
/usr/bin/cc    -march=native -ffast-math -pthread -fdiagnostics-color=auto -DCHECK_FUNCTION_EXISTS=_ltoa   -o CMakeFiles/cmTC_d8ba4.dir/CheckFunctionExists.c.o   -c /usr/share/cmake-3.5/Modules/CheckFunctionExists.c
Linking C executable cmTC_d8ba4
/usr/bin/cmake -E cmake_link_script CMakeFiles/cmTC_d8ba4.dir/link.txt --verbose=1
/usr/bin/cc  -march=native -ffast-math -pthread -fdiagnostics-color=auto -DCHECK_FUNCTION_EXISTS=_ltoa    CMakeFiles/cmTC_d8ba4.dir/CheckFunctionExists.c.o  -o cmTC_d8ba4 -rdynamic 
CMakeFiles/cmTC_d8ba4.dir/CheckFunctionExists.c.o: In function `main':
CheckFunctionExists.c:(.text+0x15): undefined reference to `_ltoa'
collect2: error: ld returned 1 exit status
CMakeFiles/cmTC_d8ba4.dir/build.make:97: recipe for target 'cmTC_d8ba4' failed
make[1]: *** [cmTC_d8ba4] Error 1
make[1]: Leaving directory '/home/jbreslin/sandbox/breslingladiator/urho3d/CMakeFiles/CMakeTmp'
Makefile:126: recipe for target 'cmTC_d8ba4/fast' failed
make: *** [cmTC_d8ba4/fast] Error 2


Determining if the function _uitoa exists failed with the following output:
Change Dir: /home/jbreslin/sandbox/breslingladiator/urho3d/CMakeFiles/CMakeTmp

Run Build Command:"/usr/bin/make" "cmTC_66ff8/fast"
/usr/bin/make -f CMakeFiles/cmTC_66ff8.dir/build.make CMakeFiles/cmTC_66ff8.dir/build
make[1]: Entering directory '/home/jbreslin/sandbox/breslingladiator/urho3d/CMakeFiles/CMakeTmp'
Building C object CMakeFiles/cmTC_66ff8.dir/CheckFunctionExists.c.o
/usr/bin/cc    -march=native -ffast-math -pthread -fdiagnostics-color=auto -DCHECK_FUNCTION_EXISTS=_uitoa   -o CMakeFiles/cmTC_66ff8.dir/CheckFunctionExists.c.o   -c /usr/share/cmake-3.5/Modules/CheckFunctionExists.c
Linking C executable cmTC_66ff8
/usr/bin/cmake -E cmake_link_script CMakeFiles/cmTC_66ff8.dir/link.txt --verbose=1
/usr/bin/cc  -march=native -ffast-math -pthread -fdiagnostics-color=auto -DCHECK_FUNCTION_EXISTS=_uitoa    CMakeFiles/cmTC_66ff8.dir/CheckFunctionExists.c.o  -o cmTC_66ff8 -rdynamic 
CMakeFiles/cmTC_66ff8.dir/CheckFunctionExists.c.o: In function `main':
CheckFunctionExists.c:(.text+0x15): undefined reference to `_uitoa'
collect2: error: ld returned 1 exit status
CMakeFiles/cmTC_66ff8.dir/build.make:97: recipe for target 'cmTC_66ff8' failed
make[1]: *** [cmTC_66ff8] Error 1
make[1]: Leaving directory '/home/jbreslin/sandbox/breslingladiator/urho3d/CMakeFiles/CMakeTmp'
Makefile:126: recipe for target 'cmTC_66ff8/fast' failed
make: *** [cmTC_66ff8/fast] Error 2


Determining if the function _ultoa exists failed with the following output:
Change Dir: /home/jbreslin/sandbox/breslingladiator/urho3d/CMakeFiles/CMakeTmp

Run Build Command:"/usr/bin/make" "cmTC_867ff/fast"
/usr/bin/make -f CMakeFiles/cmTC_867ff.dir/build.make CMakeFiles/cmTC_867ff.dir/build
make[1]: Entering directory '/home/jbreslin/sandbox/breslingladiator/urho3d/CMakeFiles/CMakeTmp'
Building C object CMakeFiles/cmTC_867ff.dir/CheckFunctionExists.c.o
/usr/bin/cc    -march=native -ffast-math -pthread -fdiagnostics-color=auto -DCHECK_FUNCTION_EXISTS=_ultoa   -o CMakeFiles/cmTC_867ff.dir/CheckFunctionExists.c.o   -c /usr/share/cmake-3.5/Modules/CheckFunctionExists.c
Linking C executable cmTC_867ff
/usr/bin/cmake -E cmake_link_script CMakeFiles/cmTC_867ff.dir/link.txt --verbose=1
/usr/bin/cc  -march=native -ffast-math -pthread -fdiagnostics-color=auto -DCHECK_FUNCTION_EXISTS=_ultoa    CMakeFiles/cmTC_867ff.dir/CheckFunctionExists.c.o  -o cmTC_867ff -rdynamic 
CMakeFiles/cmTC_867ff.dir/CheckFunctionExists.c.o: In function `main':
CheckFunctionExists.c:(.text+0x15): undefined reference to `_ultoa'
collect2: error: ld returned 1 exit status
CMakeFiles/cmTC_867ff.dir/build.make:97: recipe for target 'cmTC_867ff' failed
make[1]: *** [cmTC_867ff] Error 1
make[1]: Leaving directory '/home/jbreslin/sandbox/breslingladiator/urho3d/CMakeFiles/CMakeTmp'
Makefile:126: recipe for target 'cmTC_867ff/fast' failed
make: *** [cmTC_867ff/fast] Error 2


Determining if the function _i64toa exists failed with the following output:
Change Dir: /home/jbreslin/sandbox/breslingladiator/urho3d/CMakeFiles/CMakeTmp

Run Build Command:"/usr/bin/make" "cmTC_c93d1/fast"
/usr/bin/make -f CMakeFiles/cmTC_c93d1.dir/build.make CMakeFiles/cmTC_c93d1.dir/build
make[1]: Entering directory '/home/jbreslin/sandbox/breslingladiator/urho3d/CMakeFiles/CMakeTmp'
Building C object CMakeFiles/cmTC_c93d1.dir/CheckFunctionExists.c.o
/usr/bin/cc    -march=native -ffast-math -pthread -fdiagnostics-color=auto -DCHECK_FUNCTION_EXISTS=_i64toa   -o CMakeFiles/cmTC_c93d1.dir/CheckFunctionExists.c.o   -c /usr/share/cmake-3.5/Modules/CheckFunctionExists.c
Linking C executable cmTC_c93d1
/usr/bin/cmake -E cmake_link_script CMakeFiles/cmTC_c93d1.dir/link.txt --verbose=1
/usr/bin/cc  -march=native -ffast-math -pthread -fdiagnostics-color=auto -DCHECK_FUNCTION_EXISTS=_i64toa    CMakeFiles/cmTC_c93d1.dir/CheckFunctionExists.c.o  -o cmTC_c93d1 -rdynamic 
CMakeFiles/cmTC_c93d1.dir/CheckFunctionExists.c.o: In function `main':
CheckFunctionExists.c:(.text+0x15): undefined reference to `_i64toa'
collect2: error: ld returned 1 exit status
CMakeFiles/cmTC_c93d1.dir/build.make:97: recipe for target 'cmTC_c93d1' failed
make[1]: *** [cmTC_c93d1] Error 1
make[1]: Leaving directory '/home/jbreslin/sandbox/breslingladiator/urho3d/CMakeFiles/CMakeTmp'
Makefile:126: recipe for target 'cmTC_c93d1/fast' failed
make: *** [cmTC_c93d1/fast] Error 2


Determining if the function _ui64toa exists failed with the following output:
Change Dir: /home/jbreslin/sandbox/breslingladiator/urho3d/CMakeFiles/CMakeTmp

Run Build Command:"/usr/bin/make" "cmTC_0f227/fast"
/usr/bin/make -f CMakeFiles/cmTC_0f227.dir/build.make CMakeFiles/cmTC_0f227.dir/build
make[1]: Entering directory '/home/jbreslin/sandbox/breslingladiator/urho3d/CMakeFiles/CMakeTmp'
Building C object CMakeFiles/cmTC_0f227.dir/CheckFunctionExists.c.o
/usr/bin/cc    -march=native -ffast-math -pthread -fdiagnostics-color=auto -DCHECK_FUNCTION_EXISTS=_ui64toa   -o CMakeFiles/cmTC_0f227.dir/CheckFunctionExists.c.o   -c /usr/share/cmake-3.5/Modules/CheckFunctionExists.c
Linking C executable cmTC_0f227
/usr/bin/cmake -E cmake_link_script CMakeFiles/cmTC_0f227.dir/link.txt --verbose=1
/usr/bin/cc  -march=native -ffast-math -pthread -fdiagnostics-color=auto -DCHECK_FUNCTION_EXISTS=_ui64toa    CMakeFiles/cmTC_0f227.dir/CheckFunctionExists.c.o  -o cmTC_0f227 -rdynamic 
CMakeFiles/cmTC_0f227.dir/CheckFunctionExists.c.o: In function `main':
CheckFunctionExists.c:(.text+0x15): undefined reference to `_ui64toa'
collect2: error: ld returned 1 exit status
CMakeFiles/cmTC_0f227.dir/build.make:97: recipe for target 'cmTC_0f227' failed
make[1]: *** [cmTC_0f227] Error 1
make[1]: Leaving directory '/home/jbreslin/sandbox/breslingladiator/urho3d/CMakeFiles/CMakeTmp'
Makefile:126: recipe for target 'cmTC_0f227/fast' failed
make: *** [cmTC_0f227/fast] Error 2


Determining if the function _stricmp exists failed with the following output:
Change Dir: /home/jbreslin/sandbox/breslingladiator/urho3d/CMakeFiles/CMakeTmp

Run Build Command:"/usr/bin/make" "cmTC_9814a/fast"
/usr/bin/make -f CMakeFiles/cmTC_9814a.dir/build.make CMakeFiles/cmTC_9814a.dir/build
make[1]: Entering directory '/home/jbreslin/sandbox/breslingladiator/urho3d/CMakeFiles/CMakeTmp'
Building C object CMakeFiles/cmTC_9814a.dir/CheckFunctionExists.c.o
/usr/bin/cc    -march=native -ffast-math -pthread -fdiagnostics-color=auto -DCHECK_FUNCTION_EXISTS=_stricmp   -o CMakeFiles/cmTC_9814a.dir/CheckFunctionExists.c.o   -c /usr/share/cmake-3.5/Modules/CheckFunctionExists.c
Linking C executable cmTC_9814a
/usr/bin/cmake -E cmake_link_script CMakeFiles/cmTC_9814a.dir/link.txt --verbose=1
/usr/bin/cc  -march=native -ffast-math -pthread -fdiagnostics-color=auto -DCHECK_FUNCTION_EXISTS=_stricmp    CMakeFiles/cmTC_9814a.dir/CheckFunctionExists.c.o  -o cmTC_9814a -rdynamic 
CMakeFiles/cmTC_9814a.dir/CheckFunctionExists.c.o: In function `main':
CheckFunctionExists.c:(.text+0x15): undefined reference to `_stricmp'
collect2: error: ld returned 1 exit status
CMakeFiles/cmTC_9814a.dir/build.make:97: recipe for target 'cmTC_9814a' failed
make[1]: *** [cmTC_9814a] Error 1
make[1]: Leaving directory '/home/jbreslin/sandbox/breslingladiator/urho3d/CMakeFiles/CMakeTmp'
Makefile:126: recipe for target 'cmTC_9814a/fast' failed
make: *** [cmTC_9814a/fast] Error 2


Determining if the function _strnicmp exists failed with the following output:
Change Dir: /home/jbreslin/sandbox/breslingladiator/urho3d/CMakeFiles/CMakeTmp

Run Build Command:"/usr/bin/make" "cmTC_9cc69/fast"
/usr/bin/make -f CMakeFiles/cmTC_9cc69.dir/build.make CMakeFiles/cmTC_9cc69.dir/build
make[1]: Entering directory '/home/jbreslin/sandbox/breslingladiator/urho3d/CMakeFiles/CMakeTmp'
Building C object CMakeFiles/cmTC_9cc69.dir/CheckFunctionExists.c.o
/usr/bin/cc    -march=native -ffast-math -pthread -fdiagnostics-color=auto -DCHECK_FUNCTION_EXISTS=_strnicmp   -o CMakeFiles/cmTC_9cc69.dir/CheckFunctionExists.c.o   -c /usr/share/cmake-3.5/Modules/CheckFunctionExists.c
Linking C executable cmTC_9cc69
/usr/bin/cmake -E cmake_link_script CMakeFiles/cmTC_9cc69.dir/link.txt --verbose=1
/usr/bin/cc  -march=native -ffast-math -pthread -fdiagnostics-color=auto -DCHECK_FUNCTION_EXISTS=_strnicmp    CMakeFiles/cmTC_9cc69.dir/CheckFunctionExists.c.o  -o cmTC_9cc69 -rdynamic 
CMakeFiles/cmTC_9cc69.dir/CheckFunctionExists.c.o: In function `main':
CheckFunctionExists.c:(.text+0x15): undefined reference to `_strnicmp'
collect2: error: ld returned 1 exit status
CMakeFiles/cmTC_9cc69.dir/build.make:97: recipe for target 'cmTC_9cc69' failed
make[1]: *** [cmTC_9cc69] Error 1
make[1]: Leaving directory '/home/jbreslin/sandbox/breslingladiator/urho3d/CMakeFiles/CMakeTmp'
Makefile:126: recipe for target 'cmTC_9cc69/fast' failed
make: *** [cmTC_9cc69/fast] Error 2


Determining if the function sysctlbyname exists failed with the following output:
Change Dir: /home/jbreslin/sandbox/breslingladiator/urho3d/CMakeFiles/CMakeTmp

Run Build Command:"/usr/bin/make" "cmTC_b1aca/fast"
/usr/bin/make -f CMakeFiles/cmTC_b1aca.dir/build.make CMakeFiles/cmTC_b1aca.dir/build
make[1]: Entering directory '/home/jbreslin/sandbox/breslingladiator/urho3d/CMakeFiles/CMakeTmp'
Building C object CMakeFiles/cmTC_b1aca.dir/CheckFunctionExists.c.o
/usr/bin/cc    -march=native -ffast-math -pthread -fdiagnostics-color=auto -DCHECK_FUNCTION_EXISTS=sysctlbyname   -o CMakeFiles/cmTC_b1aca.dir/CheckFunctionExists.c.o   -c /usr/share/cmake-3.5/Modules/CheckFunctionExists.c
Linking C executable cmTC_b1aca
/usr/bin/cmake -E cmake_link_script CMakeFiles/cmTC_b1aca.dir/link.txt --verbose=1
/usr/bin/cc  -march=native -ffast-math -pthread -fdiagnostics-color=auto -DCHECK_FUNCTION_EXISTS=sysctlbyname    CMakeFiles/cmTC_b1aca.dir/CheckFunctionExists.c.o  -o cmTC_b1aca -rdynamic 
CMakeFiles/cmTC_b1aca.dir/CheckFunctionExists.c.o: In function `main':
CheckFunctionExists.c:(.text+0x15): undefined reference to `sysctlbyname'
collect2: error: ld returned 1 exit status
CMakeFiles/cmTC_b1aca.dir/build.make:97: recipe for target 'cmTC_b1aca' failed
make[1]: *** [cmTC_b1aca] Error 1
make[1]: Leaving directory '/home/jbreslin/sandbox/breslingladiator/urho3d/CMakeFiles/CMakeTmp'
Makefile:126: recipe for target 'cmTC_b1aca/fast' failed
make: *** [cmTC_b1aca/fast] Error 2


Determining if the function iconv_open exists in the iconv failed with the following output:
Change Dir: /home/jbreslin/sandbox/breslingladiator/urho3d/CMakeFiles/CMakeTmp

Run Build Command:"/usr/bin/make" "cmTC_01ede/fast"
/usr/bin/make -f CMakeFiles/cmTC_01ede.dir/build.make CMakeFiles/cmTC_01ede.dir/build
make[1]: Entering directory '/home/jbreslin/sandbox/breslingladiator/urho3d/CMakeFiles/CMakeTmp'
Building C object CMakeFiles/cmTC_01ede.dir/CheckFunctionExists.c.o
/usr/bin/cc    -march=native -ffast-math -pthread -fdiagnostics-color=auto -DCHECK_FUNCTION_EXISTS=iconv_open   -o CMakeFiles/cmTC_01ede.dir/CheckFunctionExists.c.o   -c /usr/share/cmake-3.5/Modules/CheckFunctionExists.c
Linking C executable cmTC_01ede
/usr/bin/cmake -E cmake_link_script CMakeFiles/cmTC_01ede.dir/link.txt --verbose=1
/usr/bin/cc  -march=native -ffast-math -pthread -fdiagnostics-color=auto -DCHECK_FUNCTION_EXISTS=iconv_open    CMakeFiles/cmTC_01ede.dir/CheckFunctionExists.c.o  -o cmTC_01ede -rdynamic -liconv 
/usr/bin/ld: cannot find -liconv
collect2: error: ld returned 1 exit status
CMakeFiles/cmTC_01ede.dir/build.make:97: recipe for target 'cmTC_01ede' failed
make[1]: *** [cmTC_01ede] Error 1
make[1]: Leaving directory '/home/jbreslin/sandbox/breslingladiator/urho3d/CMakeFiles/CMakeTmp'
Makefile:126: recipe for target 'cmTC_01ede/fast' failed
make: *** [cmTC_01ede/fast] Error 2


Determining if the function dlopen exists failed with the following output:
Change Dir: /home/jbreslin/sandbox/breslingladiator/urho3d/CMakeFiles/CMakeTmp

Run Build Command:"/usr/bin/make" "cmTC_c2a60/fast"
/usr/bin/make -f CMakeFiles/cmTC_c2a60.dir/build.make CMakeFiles/cmTC_c2a60.dir/build
make[1]: Entering directory '/home/jbreslin/sandbox/breslingladiator/urho3d/CMakeFiles/CMakeTmp'
Building C object CMakeFiles/cmTC_c2a60.dir/CheckFunctionExists.c.o
/usr/bin/cc    -march=native -ffast-math -pthread -fdiagnostics-color=auto -DCHECK_FUNCTION_EXISTS=dlopen   -o CMakeFiles/cmTC_c2a60.dir/CheckFunctionExists.c.o   -c /usr/share/cmake-3.5/Modules/CheckFunctionExists.c
Linking C executable cmTC_c2a60
/usr/bin/cmake -E cmake_link_script CMakeFiles/cmTC_c2a60.dir/link.txt --verbose=1
/usr/bin/cc  -march=native -ffast-math -pthread -fdiagnostics-color=auto -DCHECK_FUNCTION_EXISTS=dlopen    CMakeFiles/cmTC_c2a60.dir/CheckFunctionExists.c.o  -o cmTC_c2a60 -rdynamic 
CMakeFiles/cmTC_c2a60.dir/CheckFunctionExists.c.o: In function `main':
CheckFunctionExists.c:(.text+0x15): undefined reference to `dlopen'
collect2: error: ld returned 1 exit status
CMakeFiles/cmTC_c2a60.dir/build.make:97: recipe for target 'cmTC_c2a60' failed
make[1]: *** [cmTC_c2a60] Error 1
make[1]: Leaving directory '/home/jbreslin/sandbox/breslingladiator/urho3d/CMakeFiles/CMakeTmp'
Makefile:126: recipe for target 'cmTC_c2a60/fast' failed
make: *** [cmTC_c2a60/fast] Error 2


Performing C SOURCE FILE Test HAVE_PTHREAD_NP_H failed with the following output:
Change Dir: /home/jbreslin/sandbox/breslingladiator/urho3d/CMakeFiles/CMakeTmp

Run Build Command:"/usr/bin/make" "cmTC_efed9/fast"
/usr/bin/make -f CMakeFiles/cmTC_efed9.dir/build.make CMakeFiles/cmTC_efed9.dir/build
make[1]: Entering directory '/home/jbreslin/sandbox/breslingladiator/urho3d/CMakeFiles/CMakeTmp'
Building C object CMakeFiles/cmTC_efed9.dir/src.c.o
/usr/bin/cc    -march=native -ffast-math -pthread -fdiagnostics-color=auto -DHAVE_PTHREAD_NP_H -pthread   -o CMakeFiles/cmTC_efed9.dir/src.c.o   -c /home/jbreslin/sandbox/breslingladiator/urho3d/CMakeFiles/CMakeTmp/src.c
/home/jbreslin/sandbox/breslingladiator/urho3d/CMakeFiles/CMakeTmp/src.c:3:34: fatal error: pthread_np.h: No such file or directory
compilation terminated.
CMakeFiles/cmTC_efed9.dir/build.make:65: recipe for target 'CMakeFiles/cmTC_efed9.dir/src.c.o' failed
make[1]: *** [CMakeFiles/cmTC_efed9.dir/src.c.o] Error 1
make[1]: Leaving directory '/home/jbreslin/sandbox/breslingladiator/urho3d/CMakeFiles/CMakeTmp'
Makefile:126: recipe for target 'cmTC_efed9/fast' failed
make: *** [cmTC_efed9/fast] Error 2

Source file was:

          #include <pthread.h>
          #include <pthread_np.h>
          int main(int argc, char** argv) { return 0; }
Determining if the function pthread_set_name_np exists failed with the following output:
Change Dir: /home/jbreslin/sandbox/breslingladiator/urho3d/CMakeFiles/CMakeTmp

Run Build Command:"/usr/bin/make" "cmTC_23dc7/fast"
/usr/bin/make -f CMakeFiles/cmTC_23dc7.dir/build.make CMakeFiles/cmTC_23dc7.dir/build
make[1]: Entering directory '/home/jbreslin/sandbox/breslingladiator/urho3d/CMakeFiles/CMakeTmp'
Building C object CMakeFiles/cmTC_23dc7.dir/CheckFunctionExists.c.o
/usr/bin/cc    -march=native -ffast-math -pthread -fdiagnostics-color=auto -DCHECK_FUNCTION_EXISTS=pthread_set_name_np -pthread   -o CMakeFiles/cmTC_23dc7.dir/CheckFunctionExists.c.o   -c /usr/share/cmake-3.5/Modules/CheckFunctionExists.c
Linking C executable cmTC_23dc7
/usr/bin/cmake -E cmake_link_script CMakeFiles/cmTC_23dc7.dir/link.txt --verbose=1
/usr/bin/cc  -march=native -ffast-math -pthread -fdiagnostics-color=auto -DCHECK_FUNCTION_EXISTS=pthread_set_name_np -pthread    CMakeFiles/cmTC_23dc7.dir/CheckFunctionExists.c.o  -o cmTC_23dc7 -rdynamic 
CMakeFiles/cmTC_23dc7.dir/CheckFunctionExists.c.o: In function `main':
CheckFunctionExists.c:(.text+0x15): undefined reference to `pthread_set_name_np'
collect2: error: ld returned 1 exit status
CMakeFiles/cmTC_23dc7.dir/build.make:97: recipe for target 'cmTC_23dc7' failed
make[1]: *** [cmTC_23dc7] Error 1
make[1]: Leaving directory '/home/jbreslin/sandbox/breslingladiator/urho3d/CMakeFiles/CMakeTmp'
Makefile:126: recipe for target 'cmTC_23dc7/fast' failed
make: *** [cmTC_23dc7/fast] Error 2


Determining if the include file X11/extensions/scrnsaver.h exists failed with the following output:
Change Dir: /home/jbreslin/sandbox/breslingladiator/urho3d/CMakeFiles/CMakeTmp

Run Build Command:"/usr/bin/make" "cmTC_f6ca5/fast"
/usr/bin/make -f CMakeFiles/cmTC_f6ca5.dir/build.make CMakeFiles/cmTC_f6ca5.dir/build
make[1]: Entering directory '/home/jbreslin/sandbox/breslingladiator/urho3d/CMakeFiles/CMakeTmp'
Building C object CMakeFiles/cmTC_f6ca5.dir/CheckIncludeFile.c.o
/usr/bin/cc    -march=native -ffast-math -pthread -fdiagnostics-color=auto -fPIC -shared   -o CMakeFiles/cmTC_f6ca5.dir/CheckIncludeFile.c.o   -c /home/jbreslin/sandbox/breslingladiator/urho3d/CMakeFiles/CMakeTmp/CheckIncludeFile.c
/home/jbreslin/sandbox/breslingladiator/urho3d/CMakeFiles/CMakeTmp/CheckIncludeFile.c:1:38: fatal error: X11/extensions/scrnsaver.h: No such file or directory
compilation terminated.
CMakeFiles/cmTC_f6ca5.dir/build.make:65: recipe for target 'CMakeFiles/cmTC_f6ca5.dir/CheckIncludeFile.c.o' failed
make[1]: *** [CMakeFiles/cmTC_f6ca5.dir/CheckIncludeFile.c.o] Error 1
make[1]: Leaving directory '/home/jbreslin/sandbox/breslingladiator/urho3d/CMakeFiles/CMakeTmp'
Makefile:126: recipe for target 'cmTC_f6ca5/fast' failed
make: *** [cmTC_f6ca5/fast] Error 2


Performing C SOURCE FILE Test HAVE_VIDEO_OPENGLES_V1 failed with the following output:
Change Dir: /home/jbreslin/sandbox/breslingladiator/urho3d/CMakeFiles/CMakeTmp

Run Build Command:"/usr/bin/make" "cmTC_2d798/fast"
/usr/bin/make -f CMakeFiles/cmTC_2d798.dir/build.make CMakeFiles/cmTC_2d798.dir/build
make[1]: Entering directory '/home/jbreslin/sandbox/breslingladiator/urho3d/CMakeFiles/CMakeTmp'
Building C object CMakeFiles/cmTC_2d798.dir/src.c.o
/usr/bin/cc    -march=native -ffast-math -pthread -fdiagnostics-color=auto -DHAVE_VIDEO_OPENGLES_V1   -o CMakeFiles/cmTC_2d798.dir/src.c.o   -c /home/jbreslin/sandbox/breslingladiator/urho3d/CMakeFiles/CMakeTmp/src.c
/home/jbreslin/sandbox/breslingladiator/urho3d/CMakeFiles/CMakeTmp/src.c:2:27: fatal error: GLES/gl.h: No such file or directory
compilation terminated.
CMakeFiles/cmTC_2d798.dir/build.make:65: recipe for target 'CMakeFiles/cmTC_2d798.dir/src.c.o' failed
make[1]: *** [CMakeFiles/cmTC_2d798.dir/src.c.o] Error 1
make[1]: Leaving directory '/home/jbreslin/sandbox/breslingladiator/urho3d/CMakeFiles/CMakeTmp'
Makefile:126: recipe for target 'cmTC_2d798/fast' failed
make: *** [cmTC_2d798/fast] Error 2

Source file was:

      #include <GLES/gl.h>
      #include <GLES/glext.h>
      int main (int argc, char** argv) {}
Performing C SOURCE FILE Test HAVE_VIDEO_OPENGLES_V2 failed with the following output:
Change Dir: /home/jbreslin/sandbox/breslingladiator/urho3d/CMakeFiles/CMakeTmp

Run Build Command:"/usr/bin/make" "cmTC_797d1/fast"
/usr/bin/make -f CMakeFiles/cmTC_797d1.dir/build.make CMakeFiles/cmTC_797d1.dir/build
make[1]: Entering directory '/home/jbreslin/sandbox/breslingladiator/urho3d/CMakeFiles/CMakeTmp'
Building C object CMakeFiles/cmTC_797d1.dir/src.c.o
/usr/bin/cc    -march=native -ffast-math -pthread -fdiagnostics-color=auto -DHAVE_VIDEO_OPENGLES_V2   -o CMakeFiles/cmTC_797d1.dir/src.c.o   -c /home/jbreslin/sandbox/breslingladiator/urho3d/CMakeFiles/CMakeTmp/src.c
/home/jbreslin/sandbox/breslingladiator/urho3d/CMakeFiles/CMakeTmp/src.c:2:29: fatal error: GLES2/gl2.h: No such file or directory
compilation terminated.
CMakeFiles/cmTC_797d1.dir/build.make:65: recipe for target 'CMakeFiles/cmTC_797d1.dir/src.c.o' failed
make[1]: *** [CMakeFiles/cmTC_797d1.dir/src.c.o] Error 1
make[1]: Leaving directory '/home/jbreslin/sandbox/breslingladiator/urho3d/CMakeFiles/CMakeTmp'
Makefile:126: recipe for target 'cmTC_797d1/fast' failed
make: *** [cmTC_797d1/fast] Error 2

Source file was:

      #include <GLES2/gl2.h>
      #include <GLES2/gl2ext.h>
      int main (int argc, char** argv) {}
Performing C SOURCE FILE Test HAVE_VIDEO_VIVANTE_VDK failed with the following output:
Change Dir: /home/jbreslin/sandbox/breslingladiator/urho3d/CMakeFiles/CMakeTmp

Run Build Command:"/usr/bin/make" "cmTC_d80a1/fast"
/usr/bin/make -f CMakeFiles/cmTC_d80a1.dir/build.make CMakeFiles/cmTC_d80a1.dir/build
make[1]: Entering directory '/home/jbreslin/sandbox/breslingladiator/urho3d/CMakeFiles/CMakeTmp'
Building C object CMakeFiles/cmTC_d80a1.dir/src.c.o
/usr/bin/cc    -march=native -ffast-math -pthread -fdiagnostics-color=auto -DHAVE_VIDEO_VIVANTE_VDK   -o CMakeFiles/cmTC_d80a1.dir/src.c.o   -c /home/jbreslin/sandbox/breslingladiator/urho3d/CMakeFiles/CMakeTmp/src.c
/home/jbreslin/sandbox/breslingladiator/urho3d/CMakeFiles/CMakeTmp/src.c:2:28: fatal error: gc_vdk.h: No such file or directory
compilation terminated.
CMakeFiles/cmTC_d80a1.dir/build.make:65: recipe for target 'CMakeFiles/cmTC_d80a1.dir/src.c.o' failed
make[1]: *** [CMakeFiles/cmTC_d80a1.dir/src.c.o] Error 1
make[1]: Leaving directory '/home/jbreslin/sandbox/breslingladiator/urho3d/CMakeFiles/CMakeTmp'
Makefile:126: recipe for target 'cmTC_d80a1/fast' failed
make: *** [cmTC_d80a1/fast] Error 2

Source file was:

        #include <gc_vdk.h>
        int main(int argc, char** argv) {}
Performing C SOURCE FILE Test HAVE_VIDEO_VIVANTE_EGL_FB failed with the following output:
Change Dir: /home/jbreslin/sandbox/breslingladiator/urho3d/CMakeFiles/CMakeTmp

Run Build Command:"/usr/bin/make" "cmTC_f040c/fast"
/usr/bin/make -f CMakeFiles/cmTC_f040c.dir/build.make CMakeFiles/cmTC_f040c.dir/build
make[1]: Entering directory '/home/jbreslin/sandbox/breslingladiator/urho3d/CMakeFiles/CMakeTmp'
Building C object CMakeFiles/cmTC_f040c.dir/src.c.o
/usr/bin/cc    -march=native -ffast-math -pthread -fdiagnostics-color=auto -DHAVE_VIDEO_VIVANTE_EGL_FB   -o CMakeFiles/cmTC_f040c.dir/src.c.o   -c /home/jbreslin/sandbox/breslingladiator/urho3d/CMakeFiles/CMakeTmp/src.c
/home/jbreslin/sandbox/breslingladiator/urho3d/CMakeFiles/CMakeTmp/src.c:4:36: fatal error: EGL/eglvivante.h: No such file or directory
compilation terminated.
CMakeFiles/cmTC_f040c.dir/build.make:65: recipe for target 'CMakeFiles/cmTC_f040c.dir/src.c.o' failed
make[1]: *** [CMakeFiles/cmTC_f040c.dir/src.c.o] Error 1
make[1]: Leaving directory '/home/jbreslin/sandbox/breslingladiator/urho3d/CMakeFiles/CMakeTmp'
Makefile:126: recipe for target 'cmTC_f040c/fast' failed
make: *** [cmTC_f040c/fast] Error 2

Source file was:

        #define LINUX
        #define EGL_API_FB
        #include <EGL/eglvivante.h>
        int main(int argc, char** argv) {}
Determining if the include file tslib.h exists failed with the following output:
Change Dir: /home/jbreslin/sandbox/breslingladiator/urho3d/CMakeFiles/CMakeTmp

Run Build Command:"/usr/bin/make" "cmTC_a1344/fast"
/usr/bin/make -f CMakeFiles/cmTC_a1344.dir/build.make CMakeFiles/cmTC_a1344.dir/build
make[1]: Entering directory '/home/jbreslin/sandbox/breslingladiator/urho3d/CMakeFiles/CMakeTmp'
Building C object CMakeFiles/cmTC_a1344.dir/CheckIncludeFile.c.o
/usr/bin/cc    -march=native -ffast-math -pthread -fdiagnostics-color=auto     -o CMakeFiles/cmTC_a1344.dir/CheckIncludeFile.c.o   -c /home/jbreslin/sandbox/breslingladiator/urho3d/CMakeFiles/CMakeTmp/CheckIncludeFile.c
/home/jbreslin/sandbox/breslingladiator/urho3d/CMakeFiles/CMakeTmp/CheckIncludeFile.c:1:19: fatal error: tslib.h: No such file or directory
compilation terminated.
CMakeFiles/cmTC_a1344.dir/build.make:65: recipe for target 'CMakeFiles/cmTC_a1344.dir/CheckIncludeFile.c.o' failed
make[1]: *** [CMakeFiles/cmTC_a1344.dir/CheckIncludeFile.c.o] Error 1
make[1]: Leaving directory '/home/jbreslin/sandbox/breslingladiator/urho3d/CMakeFiles/CMakeTmp'
Makefile:126: recipe for target 'cmTC_a1344/fast' failed
make: *** [cmTC_a1344/fast] Error 2


